<vector xmlns:android="http://schemas.android.com/apk/res/android" xmlns:aapt="http://schemas.android.com/aapt"
    android:viewportWidth="24"
    android:viewportHeight="24"
    android:width="24dp"
    android:height="24dp">
    <path
        android:pathData="M11.886 9.769c1.647 0 2.95 0.436 3.912 1.307 0.961 0.872 1.442 2.06 1.442 3.566 0 1.744 -0.548 3.107 -1.643 4.09 -1.088 0.977 -2.638 1.465 -4.65 1.465 -1.826 0 -3.26 -0.294 -4.303 -0.883v-2.38a7.89 7.89 0 002.079 0.793c0.782 0.186 1.509 0.28 2.18 0.28 1.184 0 2.086 -0.265 2.704 -0.794 0.619 -0.53 0.928 -1.304 0.928 -2.325 0 -1.952 -1.245 -2.929 -3.733 -2.929 -0.35 0 -0.783 0.038 -1.297 0.112 -0.514 0.067 -0.965 0.145 -1.352 0.235l-1.174 -0.693 0.626 -7.98H16.1v2.335H9.919l-0.37 4.046c0.262 -0.044 0.578 -0.096 0.95 -0.156 0.38 -0.06 0.843 -0.09 1.387 -0.09zM12 0C5.373 0 0 5.373 0 12a11.998 11.998 0 006.65 10.738v-3.675h0.138c0.01 0.004 4.86 2.466 8.021 0 3.163 -2.468 1.62 -5.785 1.08 -6.557 -0.54 -0.771 -3.317 -2.083 -5.708 -1.851 -2.391 0.231 -2.391 0.308 -2.391 0.308l0.617 -7.096 7.687 -0.074V0.744A12 12 0 0011.999 0zm4.095 0.744V3.793l-7.688 0.074 -0.617 7.096s0 -0.077 2.391 -0.308c2.392 -0.232 5.169 1.08 5.708 1.851 0.54 0.772 2.083 4.089 -1.08 6.557 -3.16 2.467 -8.013 0.004 -8.02 0h-0.14v3.675A12 12 0 0012 24c6.628 0 12 -5.373 12 -12A12.007 12.007 0 0016.35 0.83c-0.085 -0.03 -0.17 -0.059 -0.255 -0.086zM6.299 22.556z"
        android:fillColor="#000000" />
</vector>